test.os.lower() = linux  test.database_os.lower() = linux
self.results['frameworks'] != None: True
test.name: finagle
self.results['completed']: {u'cpoll_cppsp': '__run_test timeout (=3600 seconds)'}

=====================================================
  Beginning finagle
-----------------------------------------------------

-----------------------------------------------------
  Starting finagle
-----------------------------------------------------
Welcome to Ubuntu 12.04.2 LTS (GNU/Linux 3.2.0-40-virtual x86_64)

 * Documentation:  https://help.ubuntu.com/

 System information disabled due to load higher than 2.0

  Get cloud support with Ubuntu Advantage Cloud Guest:
    http://www.ubuntu.com/business/services/cloud

  Use Juju to deploy your cloud instances and workloads:
    https://juju.ubuntu.com/#cloud-precise

133 packages can be updated.
65 updates are security updates.

*** /dev/xvda1 will be checked for errors at next reboot ***

mysql start/running, process 6224
mongodb start/running, process 6290
 * Restarting PostgreSQL 9.1 database server
   ...done.
[0m[[0minfo[0m] [0mLoading project definition from /home/ubuntu/FrameworkBenchmarks/finagle/project[0m
[0m[[0minfo[0m] [0mSet current project to finagle (in build file:/home/ubuntu/FrameworkBenchmarks/finagle/)[0m
[0m[[0minfo[0m] [0mUpdating {file:/home/ubuntu/FrameworkBenchmarks/finagle/}default-b3f286...[0m
[0m[[0minfo[0m] [0mResolving org.scala-lang#scala-library;2.10.0 ...[0m
M[2K[0m[[0minfo[0m] [0mResolving com.twitter#finagle-http_2.10;6.+ ...[0m
M[2K[0m[[0minfo[0m] [0mResolving com.twitter#finagle-core_2.10;6.9.0 ...[0m
M[2K[0m[[0minfo[0m] [0mResolving org.scala-tools.testing#specs_2.10;1.6.9 ...[0m
M[2K[0m[[0minfo[0m] [0mResolving io.netty#netty;3.8.0.Final ...[0m
M[2K[0m[[0minfo[0m] [0mResolving com.twitter#util-app_2.10;6.9.0 ...[0m
M[2K[0m[[0minfo[0m] [0mResolving com.twitter#util-core_2.10;6.9.0 ...[0m
M[2K[0m[[0minfo[0m] [0mResolving junit#junit;4.8.1 ...[0m
M[2K[0m[[0minfo[0m] [0mResolving org.mockito#mockito-all;1.8.5 ...[0m
M[2K[0m[[0minfo[0m] [0mResolving com.twitter#util-collection_2.10;6.9.0 ...[0m
M[2K[0m[[0minfo[0m] [0mResolving com.google.guava#guava;11.0.2 ...[0m
M[2K[0m[[0minfo[0m] [0mResolving com.google.code.findbugs#jsr305;1.3.9 ...[0m
M[2K[0m[[0minfo[0m] [0mResolving commons-collections#commons-collections;3.2.1 ...[0m
M[2K[0m[[0minfo[0m] [0mResolving com.twitter#util-hashing_2.10;6.9.0 ...[0m
M[2K[0m[[0minfo[0m] [0mResolving com.twitter#util-jvm_2.10;6.9.0 ...[0m
M[2K[0m[[0minfo[0m] [0mResolving com.twitter#util-logging_2.10;6.9.0 ...[0m
M[2K[0m[[0minfo[0m] [0mResolving com.twitter#util-codec_2.10;6.9.0 ...[0m
M[2K[0m[[0minfo[0m] [0mResolving commons-codec#commons-codec;1.5 ...[0m
M[2K[0m[[0minfo[0m] [0mResolving commons-lang#commons-lang;2.6 ...[0m
M[2K[0m[[0minfo[0m] [0mResolving com.twitter#finagle-mysql_2.10;6.+ ...[0m
M[2K[0m[[0minfo[0m] [0mResolving com.fasterxml.jackson.module#jackson-module-scala_2.10;2.+ ...[0m
M[2K[0m[[0minfo[0m] [0mResolving com.fasterxml.jackson.core#jackson-core;2.3.0 ...[0m
M[2K[0m[[0minfo[0m] [0mResolving com.fasterxml.jackson.core#jackson-annotations;2.3.0 ...[0m
M[2K[0m[[0minfo[0m] [0mResolving com.fasterxml.jackson.core#jackson-databind;2.3.0 ...[0m
M[2K[0m[[0minfo[0m] [0mResolving com.thoughtworks.paranamer#paranamer;2.3 ...[0m
M[2K[0m[[0minfo[0m] [0mResolving com.google.code.findbugs#jsr305;2.0.1 ...[0m
M[2K[0m[[0minfo[0m] [0mResolving com.google.guava#guava;13.0.1 ...[0m
[0m[[33mwarn[0m] [0m	[NOT FOUND  ] org.scala-tools.testing#specs_2.10;1.6.9!specs_2.10.src (142ms)[0m
[0m[[33mwarn[0m] [0m==== public: tried[0m
[0m[[33mwarn[0m] [0m  http://repo1.maven.org/maven2/org/scala-tools/testing/specs_2.10/1.6.9/specs_2.10-1.6.9-sources.src[0m
[0m[[33mwarn[0m] [0m	[NOT FOUND  ] junit#junit;4.8.1!junit.src (134ms)[0m
[0m[[33mwarn[0m] [0m==== public: tried[0m
[0m[[33mwarn[0m] [0m  http://repo1.maven.org/maven2/junit/junit/4.8.1/junit-4.8.1-sources.src[0m
[0m[[33mwarn[0m] [0m	[NOT FOUND  ] org.mockito#mockito-all;1.8.5!mockito-all.src (148ms)[0m
[0m[[33mwarn[0m] [0m==== public: tried[0m
[0m[[33mwarn[0m] [0m  http://repo1.maven.org/maven2/org/mockito/mockito-all/1.8.5/mockito-all-1.8.5-sources.src[0m
[0m[[33mwarn[0m] [0m	::::::::::::::::::::::::::::::::::::::::::::::[0m
[0m[[33mwarn[0m] [0m	::              FAILED DOWNLOADS            ::[0m
[0m[[33mwarn[0m] [0m	:: ^ see resolution messages for details  ^ ::[0m
[0m[[33mwarn[0m] [0m	::::::::::::::::::::::::::::::::::::::::::::::[0m
[0m[[33mwarn[0m] [0m	:: org.scala-tools.testing#specs_2.10;1.6.9!specs_2.10.src[0m
[0m[[33mwarn[0m] [0m	:: junit#junit;4.8.1!junit.src[0m
[0m[[33mwarn[0m] [0m	:: org.mockito#mockito-all;1.8.5!mockito-all.src[0m
[0m[[33mwarn[0m] [0m	::::::::::::::::::::::::::::::::::::::::::::::[0m
sbt.ResolveException: download failed: org.scala-tools.testing#specs_2.10;1.6.9!specs_2.10.src
download failed: junit#junit;4.8.1!junit.src
download failed: org.mockito#mockito-all;1.8.5!mockito-all.src
	at sbt.IvyActions$.sbt$IvyActions$$resolve(IvyActions.scala:214)
	at sbt.IvyActions$$anonfun$update$1.apply(IvyActions.scala:122)
	at sbt.IvyActions$$anonfun$update$1.apply(IvyActions.scala:121)
	at sbt.IvySbt$Module$$anonfun$withModule$1.apply(Ivy.scala:114)
	at sbt.IvySbt$Module$$anonfun$withModule$1.apply(Ivy.scala:114)
	at sbt.IvySbt$$anonfun$withIvy$1.apply(Ivy.scala:102)
	at sbt.IvySbt.liftedTree1$1(Ivy.scala:49)
	at sbt.IvySbt.action$1(Ivy.scala:49)
	at sbt.IvySbt$$anon$3.call(Ivy.scala:58)
	at xsbt.boot.Locks$GlobalLock.withChannel$1(Locks.scala:75)
	at xsbt.boot.Locks$GlobalLock.withChannelRetries$1(Locks.scala:58)
	at xsbt.boot.Locks$GlobalLock$$anonfun$withFileLock$1.apply(Locks.scala:79)
	at xsbt.boot.Using$.withResource(Using.scala:11)
	at xsbt.boot.Using$.apply(Using.scala:10)
	at xsbt.boot.Locks$GlobalLock.liftedTree1$1(Locks.scala:51)
	at xsbt.boot.Locks$GlobalLock.withLock(Locks.scala:51)
	at xsbt.boot.Locks$.apply0(Locks.scala:30)
	at xsbt.boot.Locks$.apply(Locks.scala:27)
	at sbt.IvySbt.withDefaultLogger(Ivy.scala:58)
	at sbt.IvySbt.withIvy(Ivy.scala:99)
	at sbt.IvySbt.withIvy(Ivy.scala:95)
	at sbt.IvySbt$Module.withModule(Ivy.scala:114)
	at sbt.IvyActions$.update(IvyActions.scala:121)
	at sbt.Classpaths$$anonfun$work$1$1.apply(Defaults.scala:951)
	at sbt.Classpaths$$anonfun$work$1$1.apply(Defaults.scala:949)
	at sbt.Classpaths$$anonfun$doWork$1$1$$anonfun$54.apply(Defaults.scala:972)
	at sbt.Classpaths$$anonfun$doWork$1$1$$anonfun$54.apply(Defaults.scala:970)
	at sbt.Tracked$$anonfun$lastOutput$1.apply(Tracked.scala:35)
	at sbt.Classpaths$$anonfun$doWork$1$1.apply(Defaults.scala:974)
	at sbt.Classpaths$$anonfun$doWork$1$1.apply(Defaults.scala:969)
	at sbt.Tracked$$anonfun$inputChanged$1.apply(Tracked.scala:45)
	at sbt.Classpaths$.cachedUpdate(Defaults.scala:977)
	at sbt.Classpaths$$anonfun$45.apply(Defaults.scala:856)
	at sbt.Classpaths$$anonfun$45.apply(Defaults.scala:853)
	at sbt.Scoped$$anonfun$hf10$1.apply(Structure.scala:586)
	at sbt.Scoped$$anonfun$hf10$1.apply(Structure.scala:586)
	at scala.Function1$$anonfun$compose$1.apply(Function1.scala:49)
	at sbt.Scoped$Reduced$$anonfun$combine$1$$anonfun$apply$12.apply(Structure.scala:311)
	at sbt.Scoped$Reduced$$anonfun$combine$1$$anonfun$apply$12.apply(Structure.scala:311)
	at sbt.$tilde$greater$$anonfun$$u2219$1.apply(TypeFunctions.scala:41)
	at sbt.std.Transform$$anon$5.work(System.scala:71)
	at sbt.Execute$$anonfun$submit$1$$anonfun$apply$1.apply(Execute.scala:232)
	at sbt.Execute$$anonfun$submit$1$$anonfun$apply$1.apply(Execute.scala:232)
	at sbt.ErrorHandling$.wideConvert(ErrorHandling.scala:18)
	at sbt.Execute.work(Execute.scala:238)
	at sbt.Execute$$anonfun$submit$1.apply(Execute.scala:232)
	at sbt.Execute$$anonfun$submit$1.apply(Execute.scala:232)
	at sbt.ConcurrentRestrictions$$anon$4$$anonfun$1.apply(ConcurrentRestrictions.scala:159)
	at sbt.CompletionService$$anon$2.call(CompletionService.scala:30)
	at java.util.concurrent.FutureTask$Sync.innerRun(FutureTask.java:334)
	at java.util.concurrent.FutureTask.run(FutureTask.java:166)
	at java.util.concurrent.Executors$RunnableAdapter.call(Executors.java:471)
	at java.util.concurrent.FutureTask$Sync.innerRun(FutureTask.java:334)
	at java.util.concurrent.FutureTask.run(FutureTask.java:166)
	at java.util.concurrent.ThreadPoolExecutor.runWorker(ThreadPoolExecutor.java:1145)
	at java.util.concurrent.ThreadPoolExecutor$Worker.run(ThreadPoolExecutor.java:615)
	at java.lang.Thread.run(Thread.java:724)
[0m[[31merror[0m] [0m(*:[31mupdate[0m) sbt.ResolveException: download failed: org.scala-tools.testing#specs_2.10;1.6.9!specs_2.10.src[0m
[0m[[31merror[0m] [0mdownload failed: junit#junit;4.8.1!junit.src[0m
[0m[[31merror[0m] [0mdownload failed: org.mockito#mockito-all;1.8.5!mockito-all.src[0m
[0m[[31merror[0m] [0mTotal time: 5 s, completed Dec 9, 2013 11:13:16 PM[0m
